C51 COMPILER V9.57.0.0   LE1                                                               06/19/2018 00:52:55 PAGE 1   


C51 COMPILER V9.57.0.0, COMPILATION OF MODULE LE1
OBJECT MODULE PLACED IN .\Objects\lE1.obj
COMPILER INVOKED BY: D:\Programas\Keil C51\C51\BIN\C51.EXE lE1.c OPTIMIZE(8,SPEED) BROWSE INCDIR(D:\Programas\Nordic Sem
                    -iconductor\nRFgo SDK 2.3.0.10040\source_code\hal;D:\Programas\Nordic Semiconductor\nRFgo SDK 2.3.0.10040\source_code\com
                    -piler\common;D:\Programas\Nordic Semiconductor\nRFgo SDK 2.3.0.10040\source_code\hal\nrf24le1;..\..\nrf24le1\nRF24LE1\li
                    -braries) DEBUG OBJECTEXTEND PRINT(.\Listings\lE1.lst) TABS(2) OBJECT(.\Objects\lE1.obj)

line level    source

*** WARNING C500 IN LINE 1 OF lE1.c: LICENSE ERROR (R230(2): CONNECT TO UVISION KERNEL FAILED)

   1          #include<Nordic\reg24le1.h>
   2          #include<hal_delay.h>
   3          #include<stdint.h>
   4          #include<nRF-SPICommands.h>
   5          
   6          void setup()
   7          {
   8   1      P0DIR = 0x00; // ( todas as portas recebem 0 como entradas)
   9   1      P1DIR = 0xFF; //( todas as portas recebem 1 como entradas)
  10   1      
  11   1      P03 = 0; //( porta P03 recebe 0 e por isso é saida ) 
  12   1      P02 = 1;  //( porta P02 recebe 1 e por isso é entrada )
  13   1      }
  14          void loop()
  15          {
  16   1        if(P02 == 1)
  17   1        {
  18   2          P03=1;
  19   2          delay_ms(500);
  20   2          P03=0;
  21   2          delay_ms(500);
  22   2        }
  23   1        if(P02 == 0)
  24   1        {
  25   2          P03=0;
  26   2        }
  27   1      }
  28          
  29          void main()
  30          {   
  31   1        setup();
  32   1        while(1)
  33   1        {
  34   2        loop();
  35   2        }
  36   1      }


MODULE INFORMATION:   STATIC OVERLAYABLE
   CODE SIZE        =    603    ----
   CONSTANT SIZE    =      5    ----
   XDATA SIZE       =   ----    ----
   PDATA SIZE       =   ----    ----
   DATA SIZE        =     66      24
   IDATA SIZE       =   ----    ----
   BIT SIZE         =      1    ----
END OF MODULE INFORMATION.


C51 COMPILATION COMPLETE.  1 WARNING(S),  0 ERROR(S)
