C51 COMPILER V9.57.0.0   EXEMPLO_TIMER                                                     07/05/2018 14:00:45 PAGE 1   


C51 COMPILER V9.57.0.0, COMPILATION OF MODULE EXEMPLO_TIMER
OBJECT MODULE PLACED IN .\Objects\exemplo_timer.obj
COMPILER INVOKED BY: D:\Programas\Keil C51\C51\BIN\C51.EXE exemplo_timer.c OPTIMIZE(8,SPEED) BROWSE INCDIR(D:\Programas\
                    -Nordic Semiconductor\nRFgo SDK 2.3.0.10040\source_code\compiler\common;..\..\nrf24le1\nRF24LE1\libraries\nrf\source_code
                    -\hal\nrf24le1;D:\Programas\Nordic Semiconductor\nRFgo SDK 2.3.0.10040\nrf) DEBUG OBJECTEXTEND PRINT(.\Listings\exemplo_t
                    -imer.lst) TABS(2) OBJECT(.\Objects\exemplo_timer.obj)

line level    source

   1          #include<Nordic\reg24le1.h>
   2          #include<stdint.h>
   3          #include<nRF-SPICommands.h>
   4          #include<timer0.h>
   5          
   6          #define LED P03
   7          
   8          void main(){
   9   1        P0DIR = 0xF7; //1111 0111
  10   1        //LED = 0;
  11   1        //setup_T0_ticks(0xFFFF, 1);
  12   1        setup_T0_elapsed_ms(10, 25);
  13   1        start_T0();
  14   1        while(1){
  15   2          if(timer_elapsed){
  16   3            timer_elapsed = 0;
  17   3            LED = !LED;
  18   3          }
  19   2        }
  20   1      }


MODULE INFORMATION:   STATIC OVERLAYABLE
   CODE SIZE        =    689    ----
   CONSTANT SIZE    =      5    ----
   XDATA SIZE       =     65    ----
   PDATA SIZE       =   ----    ----
   DATA SIZE        =      8      21
   IDATA SIZE       =   ----    ----
   BIT SIZE         =      1    ----
END OF MODULE INFORMATION.


C51 COMPILATION COMPLETE.  0 WARNING(S),  0 ERROR(S)
